2015-01-16 02:18:12 com.cntrust.file.SearchRunnable:188 [ ERROR ] - 解析文件[D:\01 project\01 基础框架\06 我的系统\05 Gephi\gephi-parent\target\gephi-parent-1.0.jar]时发生错误！
java.util.zip.ZipException: archive is not a ZIP archive
	at org.apache.tools.zip.ZipFile.positionAtCentralDirectory(ZipFile.java:472)
	at org.apache.tools.zip.ZipFile.populateFromCentralDirectory(ZipFile.java:313)
	at org.apache.tools.zip.ZipFile.<init>(ZipFile.java:185)
	at org.apache.tools.zip.ZipFile.<init>(ZipFile.java:162)
	at org.apache.tools.zip.ZipFile.<init>(ZipFile.java:123)
	at com.cntrust.file.SearchRunnable.run(SearchRunnable.java:151)
	at java.lang.Thread.run(Unknown Source)
2015-01-16 02:24:33 com.cntrust.file.SearchRunnable:188 [ ERROR ] - 解析文件[D:\01 project\01 基础框架\06 我的系统\05 Gephi\gephi-parent\target\gephi-parent-1.0.jar]时发生错误！
java.util.zip.ZipException: archive is not a ZIP archive
	at org.apache.tools.zip.ZipFile.positionAtCentralDirectory(ZipFile.java:472)
	at org.apache.tools.zip.ZipFile.populateFromCentralDirectory(ZipFile.java:313)
	at org.apache.tools.zip.ZipFile.<init>(ZipFile.java:185)
	at org.apache.tools.zip.ZipFile.<init>(ZipFile.java:162)
	at org.apache.tools.zip.ZipFile.<init>(ZipFile.java:123)
	at com.cntrust.file.SearchRunnable.run(SearchRunnable.java:151)
	at java.lang.Thread.run(Unknown Source)
2015-01-16 02:25:25 com.cntrust.file.SearchRunnable:188 [ ERROR ] - 解析文件[D:\01 project\01 基础框架\06 我的系统\05 Gephi\gephi-parent\target\gephi-parent-1.0.jar]时发生错误！
java.util.zip.ZipException: archive is not a ZIP archive
	at org.apache.tools.zip.ZipFile.positionAtCentralDirectory(ZipFile.java:472)
	at org.apache.tools.zip.ZipFile.populateFromCentralDirectory(ZipFile.java:313)
	at org.apache.tools.zip.ZipFile.<init>(ZipFile.java:185)
	at org.apache.tools.zip.ZipFile.<init>(ZipFile.java:162)
	at org.apache.tools.zip.ZipFile.<init>(ZipFile.java:123)
	at com.cntrust.file.SearchRunnable.run(SearchRunnable.java:151)
	at java.lang.Thread.run(Unknown Source)
2015-01-16 02:25:58 com.cntrust.file.SearchRunnable:188 [ ERROR ] - 解析文件[D:\01 project\01 基础框架\06 我的系统\05 Gephi\gephi-parent\target\gephi-parent-1.0.jar]时发生错误！
java.util.zip.ZipException: archive is not a ZIP archive
	at org.apache.tools.zip.ZipFile.positionAtCentralDirectory(ZipFile.java:472)
	at org.apache.tools.zip.ZipFile.populateFromCentralDirectory(ZipFile.java:313)
	at org.apache.tools.zip.ZipFile.<init>(ZipFile.java:185)
	at org.apache.tools.zip.ZipFile.<init>(ZipFile.java:162)
	at org.apache.tools.zip.ZipFile.<init>(ZipFile.java:123)
	at com.cntrust.file.SearchRunnable.run(SearchRunnable.java:151)
	at java.lang.Thread.run(Unknown Source)
